[debug] [2020-11-10T22:42:12.266Z] ----------------------------------------------------------------------
[debug] [2020-11-10T22:42:12.268Z] Command:       C:\Program Files\nodejs\node.exe C:\Users\Evyat\AppData\Roaming\npm\node_modules\firebase-tools\lib\bin\firebase.js emulators:start
[debug] [2020-11-10T22:42:12.269Z] CLI Version:   8.15.1
[debug] [2020-11-10T22:42:12.269Z] Platform:      win32
[debug] [2020-11-10T22:42:12.269Z] Node Version:  v14.2.0
[debug] [2020-11-10T22:42:12.274Z] Time:          Wed Nov 11 2020 00:42:12 GMT+0200 (שעון ישראל (חורף))
[debug] [2020-11-10T22:42:12.275Z] ----------------------------------------------------------------------
[debug] [2020-11-10T22:42:12.275Z] 
[debug] [2020-11-10T22:42:12.284Z] > command requires scopes: ["email","openid","https://www.googleapis.com/auth/cloudplatformprojects.readonly","https://www.googleapis.com/auth/firebase","https://www.googleapis.com/auth/cloud-platform"]
[debug] [2020-11-10T22:42:12.285Z] > authorizing via signed-in user
[info] i  emulators: Starting emulators: functions, hosting {"metadata":{"emulator":{"name":"hub"},"message":"Starting emulators: functions, hosting"}}
[debug] [2020-11-10T22:42:14.333Z] [hub] writing locator at C:\Users\Evyat\AppData\Local\Temp\hub-evyatar-1ea31.json
[warn] !  functions: The following emulators are not running, calls to these services from the Functions emulator will affect production: auth, firestore, database, pubsub {"metadata":{"emulator":{"name":"functions"},"message":"The following emulators are not running, calls to these services from the Functions emulator will affect production: \u001b[1mauth, firestore, database, pubsub\u001b[22m"}}
[warn] !  Your requested "node" version "12" doesn't match your global version "14" {"metadata":{"emulator":{"name":"functions"},"message":"Your requested \"node\" version \"12\" doesn't match your global version \"14\""}}
[debug] [2020-11-10T22:42:16.391Z] defaultcredentials: writing to file C:\Users\Evyat\AppData\Roaming\firebase\evyataros1_gmail_com_application_default_credentials.json
[debug] [2020-11-10T22:42:16.396Z] Setting GAC to C:\Users\Evyat\AppData\Roaming\firebase\evyataros1_gmail_com_application_default_credentials.json {"metadata":{"emulator":{"name":"functions"},"message":"Setting GAC to C:\\Users\\Evyat\\AppData\\Roaming\\firebase\\evyataros1_gmail_com_application_default_credentials.json"}}
[debug] [2020-11-10T22:42:18.409Z] > refreshing access token with scopes: ["email","https://www.googleapis.com/auth/cloud-platform","https://www.googleapis.com/auth/cloudplatformprojects.readonly","https://www.googleapis.com/auth/firebase","openid"]
[debug] [2020-11-10T22:42:18.410Z] >>> HTTP REQUEST POST https://www.googleapis.com/oauth2/v3/token  
 <request body omitted>
[debug] [2020-11-10T22:42:18.778Z] <<< HTTP RESPONSE 200 {"expires":"Mon, 01 Jan 1990 00:00:00 GMT","pragma":"no-cache","date":"Tue, 10 Nov 2020 22:42:18 GMT","cache-control":"no-cache, no-store, max-age=0, must-revalidate","content-type":"application/json; charset=utf-8","vary":"X-Origin, Referer, Origin,Accept-Encoding","server":"scaffolding on HTTPServer2","x-xss-protection":"0","x-frame-options":"SAMEORIGIN","x-content-type-options":"nosniff","alt-svc":"h3-Q050=\":443\"; ma=2592000,h3-29=\":443\"; ma=2592000,h3-T051=\":443\"; ma=2592000,h3-T050=\":443\"; ma=2592000,h3-Q046=\":443\"; ma=2592000,h3-Q043=\":443\"; ma=2592000,quic=\":443\"; ma=2592000; v=\"46,43\"","accept-ranges":"none","transfer-encoding":"chunked"}
[debug] [2020-11-10T22:42:18.785Z] >>> HTTP REQUEST GET https://firebase.googleapis.com/v1beta1/projects/evyatar-1ea31/webApps/-/config  
 
[debug] [2020-11-10T22:42:20.060Z] <<< HTTP RESPONSE 200 {"content-type":"application/json; charset=UTF-8","vary":"X-Origin, Referer, Origin,Accept-Encoding","date":"Tue, 10 Nov 2020 22:42:19 GMT","server":"ESF","cache-control":"private","x-xss-protection":"0","x-frame-options":"SAMEORIGIN","x-content-type-options":"nosniff","alt-svc":"h3-Q050=\":443\"; ma=2592000,h3-29=\":443\"; ma=2592000,h3-T051=\":443\"; ma=2592000,h3-T050=\":443\"; ma=2592000,h3-Q046=\":443\"; ma=2592000,h3-Q043=\":443\"; ma=2592000,quic=\":443\"; ma=2592000; v=\"46,43\"","accept-ranges":"none","transfer-encoding":"chunked"}
[info] i  hosting: Serving hosting files from: build {"metadata":{"emulator":{"name":"hosting"},"message":"Serving hosting files from: \u001b[1mbuild\u001b[22m"}}
[info] +  hosting: Local server: http://localhost:5000 {"metadata":{"emulator":{"name":"hosting"},"message":"Local server: \u001b[4m\u001b[1mhttp://localhost:5000\u001b[22m\u001b[24m"}}
[warn] !  ui: Emulator UI unable to start on port 4000, starting on 4001 instead. {"metadata":{"emulator":{"name":"ui"},"message":"Emulator UI unable to start on port 4000, starting on 4001 instead."}}
[debug] [2020-11-10T22:42:22.135Z] Ignoring unsupported arg: auto_download {"metadata":{"emulator":{"name":"ui"},"message":"Ignoring unsupported arg: auto_download"}}
[debug] [2020-11-10T22:42:22.135Z] Ignoring unsupported arg: port {"metadata":{"emulator":{"name":"ui"},"message":"Ignoring unsupported arg: port"}}
[debug] [2020-11-10T22:42:22.135Z] Starting Emulator UI with command {"binary":"node","args":["C:\\Users\\Evyat\\.cache\\firebase\\emulators\\ui-v1.2.2\\server.bundle.js"],"optionalArgs":[],"joinArgs":false} {"metadata":{"emulator":{"name":"ui"},"message":"Starting Emulator UI with command {\"binary\":\"node\",\"args\":[\"C:\\\\Users\\\\Evyat\\\\.cache\\\\firebase\\\\emulators\\\\ui-v1.2.2\\\\server.bundle.js\"],\"optionalArgs\":[],\"joinArgs\":false}"}}
[info] i  ui: Emulator UI logging to ui-debug.log {"metadata":{"emulator":{"name":"ui"},"message":"Emulator UI logging to \u001b[1mui-debug.log\u001b[22m"}}
[debug] [2020-11-10T22:42:22.280Z] Web / API server started at http://localhost:4001
 {"metadata":{"emulator":{"name":"ui"},"message":"Web / API server started at http://localhost:4001\n"}}
[info] i  functions: Watching "C:\Users\Evyat\home\Worked-Projects\amazon_react\functions" for Cloud Functions... {"metadata":{"emulator":{"name":"functions"},"message":"Watching \"C:\\Users\\Evyat\\home\\Worked-Projects\\amazon_react\\functions\" for Cloud Functions..."}}
[debug] [2020-11-10T22:42:22.659Z] [worker-pool] addWorker(~diagnostic~) {"metadata":{"emulator":{"name":"functions"},"message":"[worker-pool] addWorker(~diagnostic~)"}}
[debug] [2020-11-10T22:42:22.659Z] [worker-pool] Adding worker with key ~diagnostic~, total=1 {"metadata":{"emulator":{"name":"functions"},"message":"[worker-pool] Adding worker with key ~diagnostic~, total=1"}}
[debug] [2020-11-10T22:42:22.659Z] [worker-pool] submitWork(triggerId=) {"metadata":{"emulator":{"name":"functions"},"message":"[worker-pool] submitWork(triggerId=)"}}
[debug] [2020-11-10T22:42:22.660Z] [worker-~diagnostic~-60f860fa-30fb-47b7-bc37-187ff113c4b6]: Assigning socketPath: \\?\pipe\C:\Users\Evyat\home\Worked-Projects\amazon_react\functions\21956 {"metadata":{"emulator":{"name":"functions"},"message":"[worker-~diagnostic~-60f860fa-30fb-47b7-bc37-187ff113c4b6]: Assigning socketPath: \\\\?\\pipe\\C:\\Users\\Evyat\\home\\Worked-Projects\\amazon_react\\functions\\21956"}}
[debug] [2020-11-10T22:42:22.661Z] [worker-~diagnostic~-60f860fa-30fb-47b7-bc37-187ff113c4b6]: BUSY {"metadata":{"emulator":{"name":"functions"},"message":"[worker-~diagnostic~-60f860fa-30fb-47b7-bc37-187ff113c4b6]: BUSY"}}
[debug] [2020-11-10T22:42:23.108Z] [runtime-status] [21956] Functions runtime initialized. {"cwd":"C:\\Users\\Evyat\\home\\Worked-Projects\\amazon_react\\functions","node_version":"14.2.0"} {"metadata":{"emulator":{"name":"functions"},"message":"[runtime-status] [21956] Functions runtime initialized. {\"cwd\":\"C:\\\\Users\\\\Evyat\\\\home\\\\Worked-Projects\\\\amazon_react\\\\functions\",\"node_version\":\"14.2.0\"}"}}
[debug] [2020-11-10T22:42:23.109Z] [runtime-status] [21956] Disabled runtime features: undefined {"metadata":{"emulator":{"name":"functions"},"message":"[runtime-status] [21956] Disabled runtime features: undefined"}}
[debug] [2020-11-10T22:42:23.114Z] [runtime-status] [21956] Resolved module firebase-admin {"declared":true,"installed":true,"version":"9.3.0","resolution":"C:\\Users\\Evyat\\home\\Worked-Projects\\amazon_react\\functions\\node_modules\\firebase-admin\\lib\\index.js"} {"metadata":{"emulator":{"name":"functions"},"message":"[runtime-status] [21956] Resolved module firebase-admin {\"declared\":true,\"installed\":true,\"version\":\"9.3.0\",\"resolution\":\"C:\\\\Users\\\\Evyat\\\\home\\\\Worked-Projects\\\\amazon_react\\\\functions\\\\node_modules\\\\firebase-admin\\\\lib\\\\index.js\"}"}}
[debug] [2020-11-10T22:42:23.116Z] [runtime-status] [21956] Resolved module firebase-functions {"declared":true,"installed":true,"version":"3.11.0","resolution":"C:\\Users\\Evyat\\home\\Worked-Projects\\amazon_react\\functions\\node_modules\\firebase-functions\\lib\\index.js"} {"metadata":{"emulator":{"name":"functions"},"message":"[runtime-status] [21956] Resolved module firebase-functions {\"declared\":true,\"installed\":true,\"version\":\"3.11.0\",\"resolution\":\"C:\\\\Users\\\\Evyat\\\\home\\\\Worked-Projects\\\\amazon_react\\\\functions\\\\node_modules\\\\firebase-functions\\\\lib\\\\index.js\"}"}}
[debug] [2020-11-10T22:42:23.117Z] [runtime-status] [21956] Resolved module firebase-functions {"declared":true,"installed":true,"version":"3.11.0","resolution":"C:\\Users\\Evyat\\home\\Worked-Projects\\amazon_react\\functions\\node_modules\\firebase-functions\\lib\\index.js"} {"metadata":{"emulator":{"name":"functions"},"message":"[runtime-status] [21956] Resolved module firebase-functions {\"declared\":true,\"installed\":true,\"version\":\"3.11.0\",\"resolution\":\"C:\\\\Users\\\\Evyat\\\\home\\\\Worked-Projects\\\\amazon_react\\\\functions\\\\node_modules\\\\firebase-functions\\\\lib\\\\index.js\"}"}}
[debug] [2020-11-10T22:42:23.118Z] [runtime-status] [21956] Outgoing network have been stubbed. [{"name":"http","status":"mocked"},{"name":"http","status":"mocked"},{"name":"https","status":"mocked"},{"name":"https","status":"mocked"},{"name":"net","status":"mocked"}] {"metadata":{"emulator":{"name":"functions"},"message":"[runtime-status] [21956] Outgoing network have been stubbed. [{\"name\":\"http\",\"status\":\"mocked\"},{\"name\":\"http\",\"status\":\"mocked\"},{\"name\":\"https\",\"status\":\"mocked\"},{\"name\":\"https\",\"status\":\"mocked\"},{\"name\":\"net\",\"status\":\"mocked\"}]"}}
[debug] [2020-11-10T22:42:23.119Z] [runtime-status] [21956] Resolved module firebase-functions {"declared":true,"installed":true,"version":"3.11.0","resolution":"C:\\Users\\Evyat\\home\\Worked-Projects\\amazon_react\\functions\\node_modules\\firebase-functions\\lib\\index.js"} {"metadata":{"emulator":{"name":"functions"},"message":"[runtime-status] [21956] Resolved module firebase-functions {\"declared\":true,\"installed\":true,\"version\":\"3.11.0\",\"resolution\":\"C:\\\\Users\\\\Evyat\\\\home\\\\Worked-Projects\\\\amazon_react\\\\functions\\\\node_modules\\\\firebase-functions\\\\lib\\\\index.js\"}"}}
[debug] [2020-11-10T22:42:23.169Z] [runtime-status] [21956] Checked functions.config() {"config":{}} {"metadata":{"emulator":{"name":"functions"},"message":"[runtime-status] [21956] Checked functions.config() {\"config\":{}}"}}
[debug] [2020-11-10T22:42:23.170Z] [runtime-status] [21956] firebase-functions has been stubbed. {"functionsResolution":{"declared":true,"installed":true,"version":"3.11.0","resolution":"C:\\Users\\Evyat\\home\\Worked-Projects\\amazon_react\\functions\\node_modules\\firebase-functions\\lib\\index.js"}} {"metadata":{"emulator":{"name":"functions"},"message":"[runtime-status] [21956] firebase-functions has been stubbed. {\"functionsResolution\":{\"declared\":true,\"installed\":true,\"version\":\"3.11.0\",\"resolution\":\"C:\\\\Users\\\\Evyat\\\\home\\\\Worked-Projects\\\\amazon_react\\\\functions\\\\node_modules\\\\firebase-functions\\\\lib\\\\index.js\"}}"}}
[debug] [2020-11-10T22:42:23.170Z] [runtime-status] [21956] Resolved module firebase-functions {"declared":true,"installed":true,"version":"3.11.0","resolution":"C:\\Users\\Evyat\\home\\Worked-Projects\\amazon_react\\functions\\node_modules\\firebase-functions\\lib\\index.js"} {"metadata":{"emulator":{"name":"functions"},"message":"[runtime-status] [21956] Resolved module firebase-functions {\"declared\":true,\"installed\":true,\"version\":\"3.11.0\",\"resolution\":\"C:\\\\Users\\\\Evyat\\\\home\\\\Worked-Projects\\\\amazon_react\\\\functions\\\\node_modules\\\\firebase-functions\\\\lib\\\\index.js\"}"}}
[debug] [2020-11-10T22:42:23.171Z] [runtime-status] [21956] Resolved module firebase-admin {"declared":true,"installed":true,"version":"9.3.0","resolution":"C:\\Users\\Evyat\\home\\Worked-Projects\\amazon_react\\functions\\node_modules\\firebase-admin\\lib\\index.js"} {"metadata":{"emulator":{"name":"functions"},"message":"[runtime-status] [21956] Resolved module firebase-admin {\"declared\":true,\"installed\":true,\"version\":\"9.3.0\",\"resolution\":\"C:\\\\Users\\\\Evyat\\\\home\\\\Worked-Projects\\\\amazon_react\\\\functions\\\\node_modules\\\\firebase-admin\\\\lib\\\\index.js\"}"}}
[debug] [2020-11-10T22:42:23.171Z] [runtime-status] [21956] Resolved module firebase-functions {"declared":true,"installed":true,"version":"3.11.0","resolution":"C:\\Users\\Evyat\\home\\Worked-Projects\\amazon_react\\functions\\node_modules\\firebase-functions\\lib\\index.js"} {"metadata":{"emulator":{"name":"functions"},"message":"[runtime-status] [21956] Resolved module firebase-functions {\"declared\":true,\"installed\":true,\"version\":\"3.11.0\",\"resolution\":\"C:\\\\Users\\\\Evyat\\\\home\\\\Worked-Projects\\\\amazon_react\\\\functions\\\\node_modules\\\\firebase-functions\\\\lib\\\\index.js\"}"}}
[debug] [2020-11-10T22:42:23.172Z] [runtime-status] [21956] firebase-admin has been stubbed. {"adminResolution":{"declared":true,"installed":true,"version":"9.3.0","resolution":"C:\\Users\\Evyat\\home\\Worked-Projects\\amazon_react\\functions\\node_modules\\firebase-admin\\lib\\index.js"}} {"metadata":{"emulator":{"name":"functions"},"message":"[runtime-status] [21956] firebase-admin has been stubbed. {\"adminResolution\":{\"declared\":true,\"installed\":true,\"version\":\"9.3.0\",\"resolution\":\"C:\\\\Users\\\\Evyat\\\\home\\\\Worked-Projects\\\\amazon_react\\\\functions\\\\node_modules\\\\firebase-admin\\\\lib\\\\index.js\"}}"}}
[info] +  functions[api]: http function initialized (http://localhost:5001/evyatar-1ea31/us-central1/api). {"metadata":{"emulator":{"name":"functions"},"message":"\u001b[1mhttp\u001b[22m function initialized (http://localhost:5001/evyatar-1ea31/us-central1/api)."}}
[info] 
┌───────────────────────────────────────────────────────────────────────┐
│ ✔  All emulators ready! View status and logs at http://localhost:4001 │
└───────────────────────────────────────────────────────────────────────┘

┌───────────┬────────────────┬─────────────────────────────────┐
│ Emulator  │ Host:Port      │ View in Emulator UI             │
├───────────┼────────────────┼─────────────────────────────────┤
│ Functions │ localhost:5001 │ http://localhost:4001/functions │
├───────────┼────────────────┼─────────────────────────────────┤
│ Hosting   │ localhost:5000 │ n/a                             │
└───────────┴────────────────┴─────────────────────────────────┘
  Other reserved ports: 4400, 4500

Issues? Report them at https://github.com/firebase/firebase-tools/issues and attach the *-debug.log files.
 
[debug] [2020-11-10T22:42:23.359Z] [worker-~diagnostic~-60f860fa-30fb-47b7-bc37-187ff113c4b6]: IDLE {"metadata":{"emulator":{"name":"functions"},"message":"[worker-~diagnostic~-60f860fa-30fb-47b7-bc37-187ff113c4b6]: IDLE"}}
[debug] [2020-11-10T23:08:11.069Z] [work-queue] {"queueLength":1,"workRunningCount":0}
[debug] [2020-11-10T23:08:11.070Z] [work-queue] {"queueLength":0,"workRunningCount":1}
[debug] [2020-11-10T23:08:11.070Z] Accepted request POST /evyatar-1ea31/us-central1/api/payments/create?total=132793 --> api
[debug] [2020-11-10T23:08:11.077Z] [worker-pool] addWorker(api) {"metadata":{"emulator":{"name":"functions"},"message":"[worker-pool] addWorker(api)"}}
[debug] [2020-11-10T23:08:11.078Z] [worker-pool] Adding worker with key api, total=1 {"metadata":{"emulator":{"name":"functions"},"message":"[worker-pool] Adding worker with key api, total=1"}}
[debug] [2020-11-10T23:08:11.079Z] [worker-pool] submitWork(triggerId=api) {"metadata":{"emulator":{"name":"functions"},"message":"[worker-pool] submitWork(triggerId=api)"}}
[debug] [2020-11-10T23:08:11.079Z] [worker-api-5f049595-b23f-4acd-b44d-b6cf48fef372]: Assigning socketPath: \\?\pipe\C:\Users\Evyat\home\Worked-Projects\amazon_react\functions\19208 {"metadata":{"emulator":{"name":"functions"},"message":"[worker-api-5f049595-b23f-4acd-b44d-b6cf48fef372]: Assigning socketPath: \\\\?\\pipe\\C:\\Users\\Evyat\\home\\Worked-Projects\\amazon_react\\functions\\19208"}}
[debug] [2020-11-10T23:08:11.079Z] [worker-api-5f049595-b23f-4acd-b44d-b6cf48fef372]: BUSY {"metadata":{"emulator":{"name":"functions"},"message":"[worker-api-5f049595-b23f-4acd-b44d-b6cf48fef372]: BUSY"}}
[debug] [2020-11-10T23:08:11.587Z] [runtime-status] [19208] Functions runtime initialized. {"cwd":"C:\\Users\\Evyat\\home\\Worked-Projects\\amazon_react\\functions","node_version":"14.2.0"} {"metadata":{"emulator":{"name":"functions"},"function":{"name":"api"},"message":"[runtime-status] [19208] Functions runtime initialized. {\"cwd\":\"C:\\\\Users\\\\Evyat\\\\home\\\\Worked-Projects\\\\amazon_react\\\\functions\",\"node_version\":\"14.2.0\"}"}}
[debug] [2020-11-10T23:08:11.588Z] [runtime-status] [19208] Disabled runtime features: undefined {"metadata":{"emulator":{"name":"functions"},"function":{"name":"api"},"message":"[runtime-status] [19208] Disabled runtime features: undefined"}}
[debug] [2020-11-10T23:08:11.591Z] [runtime-status] [19208] Resolved module firebase-admin {"declared":true,"installed":true,"version":"9.3.0","resolution":"C:\\Users\\Evyat\\home\\Worked-Projects\\amazon_react\\functions\\node_modules\\firebase-admin\\lib\\index.js"} {"metadata":{"emulator":{"name":"functions"},"function":{"name":"api"},"message":"[runtime-status] [19208] Resolved module firebase-admin {\"declared\":true,\"installed\":true,\"version\":\"9.3.0\",\"resolution\":\"C:\\\\Users\\\\Evyat\\\\home\\\\Worked-Projects\\\\amazon_react\\\\functions\\\\node_modules\\\\firebase-admin\\\\lib\\\\index.js\"}"}}
[debug] [2020-11-10T23:08:11.594Z] [runtime-status] [19208] Resolved module firebase-functions {"declared":true,"installed":true,"version":"3.11.0","resolution":"C:\\Users\\Evyat\\home\\Worked-Projects\\amazon_react\\functions\\node_modules\\firebase-functions\\lib\\index.js"} {"metadata":{"emulator":{"name":"functions"},"function":{"name":"api"},"message":"[runtime-status] [19208] Resolved module firebase-functions {\"declared\":true,\"installed\":true,\"version\":\"3.11.0\",\"resolution\":\"C:\\\\Users\\\\Evyat\\\\home\\\\Worked-Projects\\\\amazon_react\\\\functions\\\\node_modules\\\\firebase-functions\\\\lib\\\\index.js\"}"}}
[debug] [2020-11-10T23:08:11.596Z] [runtime-status] [19208] Resolved module firebase-functions {"declared":true,"installed":true,"version":"3.11.0","resolution":"C:\\Users\\Evyat\\home\\Worked-Projects\\amazon_react\\functions\\node_modules\\firebase-functions\\lib\\index.js"} {"metadata":{"emulator":{"name":"functions"},"function":{"name":"api"},"message":"[runtime-status] [19208] Resolved module firebase-functions {\"declared\":true,\"installed\":true,\"version\":\"3.11.0\",\"resolution\":\"C:\\\\Users\\\\Evyat\\\\home\\\\Worked-Projects\\\\amazon_react\\\\functions\\\\node_modules\\\\firebase-functions\\\\lib\\\\index.js\"}"}}
[debug] [2020-11-10T23:08:11.598Z] [runtime-status] [19208] Outgoing network have been stubbed. [{"name":"http","status":"mocked"},{"name":"http","status":"mocked"},{"name":"https","status":"mocked"},{"name":"https","status":"mocked"},{"name":"net","status":"mocked"}] {"metadata":{"emulator":{"name":"functions"},"function":{"name":"api"},"message":"[runtime-status] [19208] Outgoing network have been stubbed. [{\"name\":\"http\",\"status\":\"mocked\"},{\"name\":\"http\",\"status\":\"mocked\"},{\"name\":\"https\",\"status\":\"mocked\"},{\"name\":\"https\",\"status\":\"mocked\"},{\"name\":\"net\",\"status\":\"mocked\"}]"}}
[debug] [2020-11-10T23:08:11.598Z] [runtime-status] [19208] Resolved module firebase-functions {"declared":true,"installed":true,"version":"3.11.0","resolution":"C:\\Users\\Evyat\\home\\Worked-Projects\\amazon_react\\functions\\node_modules\\firebase-functions\\lib\\index.js"} {"metadata":{"emulator":{"name":"functions"},"function":{"name":"api"},"message":"[runtime-status] [19208] Resolved module firebase-functions {\"declared\":true,\"installed\":true,\"version\":\"3.11.0\",\"resolution\":\"C:\\\\Users\\\\Evyat\\\\home\\\\Worked-Projects\\\\amazon_react\\\\functions\\\\node_modules\\\\firebase-functions\\\\lib\\\\index.js\"}"}}
